<?xml version="1.0" encoding="UTF-8"?>
<!-- Generated by org.testng.reporters.JUnitReportReporter -->
<testsuite hostname="Lenovo" failures="0" tests="2" name="testng.carloan3" time="0.044" errors="0" timestamp="2022-06-30T11:08:52 IST" skipped="1">
  <testcase classname="testng.carloan3" name="Acarloan31" time="0.044"/>
  <system-out/>
  <testcase classname="testng.carloan3" name="AACarloan31">
    <skipped/>
  </testcase> <!-- AACarloan31 -->
  <system-out/>
</testsuite> <!-- testng.carloan3 -->
