<?xml version="1.0" encoding="UTF-8"?>
<!-- Generated by org.testng.reporters.JUnitReportReporter -->
<testsuite hostname="Lenovo" failures="0" tests="1" name="testng.homeloan" time="0.041" errors="0" timestamp="2022-06-30T11:08:52 IST" skipped="0">
  <testcase classname="testng.homeloan" name="homeloan1" time="0.041"/>
  <system-out/>
</testsuite> <!-- testng.homeloan -->
