<?xml version="1.0" encoding="UTF-8"?>
<!-- Generated by org.testng.reporters.JUnitReportReporter -->
<testsuite hostname="Lenovo" failures="0" tests="1" name="testng.carloan" time="0.027" errors="0" timestamp="2022-06-30T11:08:52 IST" skipped="0">
  <testcase classname="testng.carloan" name="homeloanoncar2" time="0.027"/>
  <system-out/>
</testsuite> <!-- testng.carloan -->
