<?xml version="1.0" encoding="UTF-8"?>
<!-- Generated by org.testng.reporters.JUnitReportReporter -->
<testsuite hostname="Lenovo" failures="0" tests="3" name="testng.hello" time="0.045" errors="0" timestamp="2022-06-30T11:08:52 IST" skipped="0">
  <testcase classname="testng.hello" name="Ztest" time="0.024"/>
  <system-out/>
  <testcase classname="testng.hello" name="Ztest" time="0.011"/>
  <system-out/>
  <testcase classname="testng.hello" name="Ztest" time="0.010"/>
  <system-out/>
</testsuite> <!-- testng.hello -->
