<?xml version="1.0" encoding="UTF-8"?>
<!-- Generated by org.testng.reporters.JUnitReportReporter -->
<testsuite hostname="Lenovo" failures="0" tests="2" name="MavenSelenium.MavenProject.RestAPITest" time="0.002" errors="0" timestamp="2022-08-17T18:51:52 IST" skipped="0">
  <testcase classname="MavenSelenium.MavenProject.RestAPITest" name="RestAPITest1" time="0.001"/>
  <system-out/>
  <testcase classname="MavenSelenium.MavenProject.RestAPITest" name="RestAPITest2" time="0.001"/>
  <system-out/>
</testsuite> <!-- MavenSelenium.MavenProject.RestAPITest -->
