<?xml version="1.0" encoding="UTF-8"?>
<!-- Generated by org.testng.reporters.JUnitReportReporter -->
<testsuite hostname="Lenovo" failures="0" tests="2" name="MavenSelenium.MavenProject.SeleniumTest" time="0.004" errors="0" timestamp="2022-08-17T18:51:52 IST" skipped="0">
  <testcase classname="MavenSelenium.MavenProject.SeleniumTest" name="seleniumTest2" time="0.002"/>
  <system-out/>
  <testcase classname="MavenSelenium.MavenProject.SeleniumTest" name="seleniumTest1" time="0.002"/>
  <system-out/>
</testsuite> <!-- MavenSelenium.MavenProject.SeleniumTest -->
