<?xml version="1.0" encoding="UTF-8"?>
<!-- Generated by org.testng.reporters.JUnitReportReporter -->
<testsuite hostname="Lenovo" failures="0" tests="2" name="MavenSelenium.MavenProject.AppiumTest" time="0.020" errors="0" timestamp="2022-08-17T18:51:52 IST" skipped="0">
  <testcase classname="MavenSelenium.MavenProject.AppiumTest" name="AppiumTest2" time="0.003"/>
  <system-out/>
  <testcase classname="MavenSelenium.MavenProject.AppiumTest" name="AppiumTest1" time="0.017"/>
  <system-out/>
</testsuite> <!-- MavenSelenium.MavenProject.AppiumTest -->
